<?xml version="1.0" encoding="UTF-8"?>
<!-- Generated by org.testng.reporters.JUnitReportReporter -->
<testsuite skipped="0" hostname="IN1DT0355" name="tests.SampleTest" tests="1" failures="0" timestamp="08 May 2017 12:27:26 GMT" time="109.550" errors="0">
  <testcase name="testMethod" time="109.550" classname="tests.SampleTest"/>
</testsuite> <!-- tests.SampleTest -->
