<?xml version="1.0" encoding="UTF-8"?>
<!-- Generated by org.testng.reporters.JUnitReportReporter -->
<testsuite skipped="0" hostname="IN1DT0355" name="runner.RunnerClassTest" tests="1" failures="0" timestamp="24 May 2017 12:47:30 GMT" time="90.432" errors="0">
  <testcase name="feature" time="90.432" classname="runner.RunnerClassTest"/>
</testsuite> <!-- runner.RunnerClassTest -->
