<?xml version="1.0" encoding="UTF-8"?>
<!-- Generated by org.testng.reporters.JUnitReportReporter -->
<testsuite skipped="0" hostname="IN1DT0355" name="tests.LoginTest" tests="1" failures="0" timestamp="02 May 2017 11:53:27 GMT" time="13.187" errors="0">
  <testcase name="loginValidation" time="13.187" classname="tests.LoginTest"/>
</testsuite> <!-- tests.LoginTest -->
